  Lab5.c
C:\Users\Home\source\repos\Lab5\Lab5\Lab5.c(9,1): warning C4005: M_E: изменение макроопределения
C:\Program Files (x86)\Windows Kits\10\Include\10.0.22621.0\ucrt\corecrt_math_defines.h(23,1): message : см. предыдущее определение "M_E"
C:\Users\Home\source\repos\Lab5\Lab5\Lab5.c(37,9): warning C4476: "printf": неизвестный символ поля типа "\n" в описателе формата
C:\Users\Home\source\repos\Lab5\Lab5\Lab5.c(41,34): warning C4244: функция: преобразование "float" в "int", возможна потеря данных
C:\Users\Home\source\repos\Lab5\Lab5\Lab5.c(41,30): warning C4244: функция: преобразование "int" в "float", возможна потеря данных
C:\Users\Home\source\repos\Lab5\Lab5\Lab5.c(41,42): warning C4244: функция: преобразование "float" в "int", возможна потеря данных
C:\Users\Home\source\repos\Lab5\Lab5\Lab5.c(41,38): warning C4020: sqrtf: слишком много фактических параметров
C:\Users\Home\source\repos\Lab5\Lab5\Lab5.c(42,20): warning C4244: функция: преобразование "double" в "int", возможна потеря данных
C:\Users\Home\source\repos\Lab5\Lab5\Lab5.c(42,6): warning C4244: =: преобразование "double" в "float", возможна потеря данных
C:\Users\Home\source\repos\Lab5\Lab5\Lab5.c(33,8): warning C4305: инициализация: усечение из "double" в "float"
C:\Users\Home\source\repos\Lab5\Lab5\Lab5.c(40,18): warning C4244: инициализация: преобразование "double" в "float", возможна потеря данных
C:\Users\Home\source\repos\Lab5\Lab5\Lab5.c(41,22): warning C4244: инициализация: преобразование "double" в "float", возможна потеря данных
C:\Users\Home\source\repos\Lab5\Lab5\Lab5.c(56,9): warning C4476: "printf": неизвестный символ поля типа "\n" в описателе формата
C:\Users\Home\source\repos\Lab5\Lab5\Lab5.c(60,34): warning C4244: функция: преобразование "float" в "int", возможна потеря данных
C:\Users\Home\source\repos\Lab5\Lab5\Lab5.c(60,30): warning C4244: функция: преобразование "int" в "float", возможна потеря данных
C:\Users\Home\source\repos\Lab5\Lab5\Lab5.c(60,42): warning C4244: функция: преобразование "float" в "int", возможна потеря данных
C:\Users\Home\source\repos\Lab5\Lab5\Lab5.c(60,38): warning C4020: sqrtf: слишком много фактических параметров
C:\Users\Home\source\repos\Lab5\Lab5\Lab5.c(68,20): warning C4244: функция: преобразование "double" в "int", возможна потеря данных
C:\Users\Home\source\repos\Lab5\Lab5\Lab5.c(68,6): warning C4244: =: преобразование "double" в "float", возможна потеря данных
C:\Users\Home\source\repos\Lab5\Lab5\Lab5.c(52,8): warning C4305: инициализация: усечение из "double" в "float"
C:\Users\Home\source\repos\Lab5\Lab5\Lab5.c(59,18): warning C4244: инициализация: преобразование "double" в "float", возможна потеря данных
C:\Users\Home\source\repos\Lab5\Lab5\Lab5.c(60,22): warning C4244: инициализация: преобразование "double" в "float", возможна потеря данных
C:\Users\Home\source\repos\Lab5\Lab5\Lab5.c(105,56): warning C4244: функция: преобразование "float" в "int", возможна потеря данных
C:\Users\Home\source\repos\Lab5\Lab5\Lab5.c(105,12): warning C4244: инициализация: преобразование "double" в "float", возможна потеря данных
  Lab5.vcxproj -> C:\Users\Home\source\repos\Lab5\x64\Debug\Lab5.exe
